<?xml version="1.0" encoding="UTF-8"?>
<testsuite name="TimeOutMock" tests="1" skipped="0" failures="0" errors="0" timestamp="2021-09-25T08:33:54" hostname="hibs-To-be-filled-by-O-E-M" time="0.306">
  <properties/>
  <testcase name="timeOut Check" classname="TimeOutMock" time="0.306"/>
  <system-out><![CDATA[]]></system-out>
  <system-err><![CDATA[]]></system-err>
</testsuite>
