<?xml version="1.0" encoding="UTF-8"?>
<testsuite name="SequenceTest" tests="1" skipped="0" failures="0" errors="0" timestamp="2021-10-24T06:29:49" hostname="hibs-To-be-filled-by-O-E-M" time="0.046">
  <properties/>
  <testcase name="getNext 동기화" classname="SequenceTest" time="0.046"/>
  <system-out><![CDATA[]]></system-out>
  <system-err><![CDATA[]]></system-err>
</testsuite>
